11:37:28 **** Incremental Build of configuration Nios II for project lab7_app ****
make all 
Info: Building ../lab7_app_bsp/
C:/intelFPGA_lite/18.1/nios2eds/bin/gnu/H-x86_64-mingw32/bin/make --no-print-directory -C ../lab7_app_bsp/
[BSP build complete]
Info: Compiling main.c to obj/default/main.o
nios2-elf-gcc -xc -MP -MMD -c -I../lab7_app_bsp//HAL/inc -I../lab7_app_bsp/ -I../lab7_app_bsp//drivers/inc  -pipe -D__hal__ -DALT_NO_INSTRUCTION_EMULATION -DALT_SINGLE_THREADED    -O0 -g -Wall   -mno-hw-div -mno-hw-mul -mno-hw-mulx -mgpopt=global  -o obj/default/main.o main.c
In file included from text_mode_vga.h:13:0,
                 from main.c:2:
../lab7_app_bsp/system.h:190:41: warning: initialization makes pointer from integer without a cast [-Wint-conversion]
 #define VGA_TEXT_MODE_CONTROLLER_0_BASE 0x2000
                                         ^
text_mode_vga.h:36:52: note: in expansion of macro 'VGA_TEXT_MODE_CONTROLLER_0_BASE'
 static volatile struct TEXT_VGA_STRUCT* vga_ctrl = VGA_TEXT_MODE_CONTROLLER_0_BASE;
                                                    ^
In file included from main.c:2:0:
text_mode_vga.h:36:41: warning: 'vga_ctrl' defined but not used [-Wunused-variable]
 static volatile struct TEXT_VGA_STRUCT* vga_ctrl = VGA_TEXT_MODE_CONTROLLER_0_BASE;
                                         ^
Info: Linking lab7_app.elf
nios2-elf-g++  -T'../lab7_app_bsp//linker.x' -msys-crt0='../lab7_app_bsp//obj/HAL/src/crt0.o' -msys-lib=hal_bsp -L../lab7_app_bsp/   -Wl,-Map=lab7_app.map   -O0 -g -Wall   -mno-hw-div -mno-hw-mul -mno-hw-mulx -mgpopt=global  -o lab7_app.elf obj/default/main.o obj/default/text_mode_vga.o -lm -msys-lib=m
nios2-elf-insert lab7_app.elf --thread_model hal --cpu_name nios2_gen2_0 --qsys true --simulation_enabled false --id 0 --sidp 0x1e0 --timestamp 1648571046 --stderr_dev jtag_uart_0 --stdin_dev jtag_uart_0 --stdout_dev jtag_uart_0 --sopc_system_name lab7_soc --quartus_project_dir "C:/Users/ldm18/Desktop/385_FPGA_project/Lab_7" --jdi ../..//output_files/nio2.jdi --sopcinfo C:/Users/ldm18/Desktop/385_FPGA_project/Lab_7/software/lab7_app_bsp/../../lab7_soc.sopcinfo
Info: (lab7_app.elf) 72 KBytes program size (code + initialized data).
Info:                65456 KBytes free for stack + heap.
Info: Creating lab7_app.objdump
nios2-elf-objdump --disassemble --syms --all-header --source lab7_app.elf >lab7_app.objdump
[lab7_app build complete]

11:37:30 Build Finished (took 2s.356ms)

