Flow report for 385_acc
Sat Apr 16 20:06:55 2022
Quartus Prime Version 18.1.0 Build 625 09/12/2018 SJ Lite Edition


---------------------
; Table of Contents ;
---------------------
  1. Legal Notice
  2. Flow Summary
  3. Flow Settings
  4. Flow Non-Default Global Settings
  5. Flow Elapsed Time
  6. Flow OS Summary
  7. Flow Log
  8. Flow Messages
  9. Flow Suppressed Messages



----------------
; Legal Notice ;
----------------
Copyright (C) 2018  Intel Corporation. All rights reserved.
Your use of Intel Corporation's design tools, logic functions 
and other software and tools, and its AMPP partner logic 
functions, and any output files from any of the foregoing 
(including device programming or simulation files), and any 
associated documentation or information are expressly subject 
to the terms and conditions of the Intel Program License 
Subscription Agreement, the Intel Quartus Prime License Agreement,
the Intel FPGA IP License Agreement, or other applicable license
agreement, including, without limitation, that your use is for
the sole purpose of programming logic devices manufactured by
Intel and sold by Intel or its authorized distributors.  Please
refer to the applicable agreement for further details.



+----------------------------------------------------------------------------------+
; Flow Summary                                                                     ;
+------------------------------------+---------------------------------------------+
; Flow Status                        ; Successful - Sat Apr 16 20:06:55 2022       ;
; Quartus Prime Version              ; 18.1.0 Build 625 09/12/2018 SJ Lite Edition ;
; Revision Name                      ; 385_acc                                     ;
; Top-level Entity Name              ; final385_top                                ;
; Family                             ; MAX 10                                      ;
; Device                             ; 10M50DAF484C7G                              ;
; Timing Models                      ; Final                                       ;
; Total logic elements               ; 4,518 / 49,760 ( 9 % )                      ;
;     Total combinational functions  ; 3,921 / 49,760 ( 8 % )                      ;
;     Dedicated logic registers      ; 2,568 / 49,760 ( 5 % )                      ;
; Total registers                    ; 2637                                        ;
; Total pins                         ; 149 / 360 ( 41 % )                          ;
; Total virtual pins                 ; 0                                           ;
; Total memory bits                  ; 11,392 / 1,677,312 ( < 1 % )                ;
; Embedded Multiplier 9-bit elements ; 8 / 288 ( 3 % )                             ;
; Total PLLs                         ; 1 / 4 ( 25 % )                              ;
; UFM blocks                         ; 0 / 1 ( 0 % )                               ;
; ADC blocks                         ; 0 / 2 ( 0 % )                               ;
+------------------------------------+---------------------------------------------+


+-----------------------------------------+
; Flow Settings                           ;
+-------------------+---------------------+
; Option            ; Setting             ;
+-------------------+---------------------+
; Start date & time ; 04/16/2022 20:05:14 ;
; Main task         ; Compilation         ;
; Revision Name     ; 385_acc             ;
+-------------------+---------------------+


+--------------------------------------------------------------------------------------------------------------------------------------------------------------------------+
; Flow Non-Default Global Settings                                                                                                                                         ;
+-------------------------------------+--------------------------------------------------------------------------+---------------+------------------------+----------------+
; Assignment Name                     ; Value                                                                    ; Default Value ; Entity Name            ; Section Id     ;
+-------------------------------------+--------------------------------------------------------------------------+---------------+------------------------+----------------+
; COMPILER_SIGNATURE_ID               ; 185263058363979.165015751404948                                          ; --            ; --                     ; --             ;
; EDA_OUTPUT_DATA_FORMAT              ; Systemverilog Hdl                                                        ; --            ; --                     ; eda_simulation ;
; EDA_SIMULATION_TOOL                 ; ModelSim-Altera (SystemVerilog)                                          ; <None>        ; --                     ; --             ;
; ENABLE_SIGNALTAP                    ; On                                                                       ; --            ; --                     ; --             ;
; MAX_CORE_JUNCTION_TEMP              ; 85                                                                       ; --            ; --                     ; --             ;
; MIN_CORE_JUNCTION_TEMP              ; 0                                                                        ; --            ; --                     ; --             ;
; MISC_FILE                           ; final_project_platform/synthesis/../final_project_platform.cmp           ; --            ; --                     ; --             ;
; MISC_FILE                           ; final_project_platform/synthesis/../../final_project_platform.qsys       ; --            ; --                     ; --             ;
; MISC_FILE                           ; ip_bb.v                                                                  ; --            ; --                     ; --             ;
; MISC_FILE                           ; ip.ppf                                                                   ; --            ; --                     ; --             ;
; OUTPUT_IO_TIMING_FAR_END_VMEAS      ; Half Signal Swing                                                        ; --            ; --                     ; --             ;
; OUTPUT_IO_TIMING_FAR_END_VMEAS      ; Half Signal Swing                                                        ; --            ; --                     ; --             ;
; OUTPUT_IO_TIMING_NEAR_END_VMEAS     ; Half Vccio                                                               ; --            ; --                     ; --             ;
; OUTPUT_IO_TIMING_NEAR_END_VMEAS     ; Half Vccio                                                               ; --            ; --                     ; --             ;
; PARTITION_COLOR                     ; -- (Not supported for targeted family)                                   ; --            ; final385_top           ; Top            ;
; PARTITION_FITTER_PRESERVATION_LEVEL ; -- (Not supported for targeted family)                                   ; --            ; final385_top           ; Top            ;
; PARTITION_NETLIST_TYPE              ; -- (Not supported for targeted family)                                   ; --            ; final385_top           ; Top            ;
; POWER_BOARD_THERMAL_MODEL           ; None (CONSERVATIVE)                                                      ; --            ; --                     ; --             ;
; POWER_PRESET_COOLING_SOLUTION       ; 23 MM HEAT SINK WITH 200 LFPM AIRFLOW                                    ; --            ; --                     ; --             ;
; SLD_FILE                            ; final_project_platform/synthesis/final_project_platform.regmap           ; --            ; --                     ; --             ;
; SLD_FILE                            ; final_project_platform/synthesis/final_project_platform.debuginfo        ; --            ; --                     ; --             ;
; SLD_INFO                            ; QSYS_NAME final_project_platform HAS_SOPCINFO 1 GENERATION_ID 1649980856 ; --            ; final_project_platform ; --             ;
; SOPCINFO_FILE                       ; final_project_platform/synthesis/../../final_project_platform.sopcinfo   ; --            ; --                     ; --             ;
; SYNTHESIS_ONLY_QIP                  ; On                                                                       ; --            ; --                     ; --             ;
; TOP_LEVEL_ENTITY                    ; final385_top                                                             ; 385_acc       ; --                     ; --             ;
; USE_SIGNALTAP_FILE                  ; stp1.stp                                                                 ; --            ; --                     ; --             ;
+-------------------------------------+--------------------------------------------------------------------------+---------------+------------------------+----------------+


+--------------------------------------------------------------------------------------------------------------------------+
; Flow Elapsed Time                                                                                                        ;
+----------------------+--------------+-------------------------+---------------------+------------------------------------+
; Module Name          ; Elapsed Time ; Average Processors Used ; Peak Virtual Memory ; Total CPU Time (on all processors) ;
+----------------------+--------------+-------------------------+---------------------+------------------------------------+
; Analysis & Synthesis ; 00:00:46     ; 1.0                     ; 5045 MB             ; 00:01:11                           ;
; Fitter               ; 00:00:32     ; 1.9                     ; 6710 MB             ; 00:01:27                           ;
; Assembler            ; 00:00:04     ; 1.0                     ; 4703 MB             ; 00:00:04                           ;
; Timing Analyzer      ; 00:00:06     ; 3.2                     ; 5033 MB             ; 00:00:15                           ;
; EDA Netlist Writer   ; 00:00:03     ; 1.0                     ; 4729 MB             ; 00:00:03                           ;
; Total                ; 00:01:31     ; --                      ; --                  ; 00:03:00                           ;
+----------------------+--------------+-------------------------+---------------------+------------------------------------+


+----------------------------------------------------------------------------------------+
; Flow OS Summary                                                                        ;
+----------------------+----------------------+------------+------------+----------------+
; Module Name          ; Machine Hostname     ; OS Name    ; OS Version ; Processor type ;
+----------------------+----------------------+------------+------------+----------------+
; Analysis & Synthesis ; Dongming-S-Alchemist ; Windows 10 ; 10.0       ; x86_64         ;
; Fitter               ; Dongming-S-Alchemist ; Windows 10 ; 10.0       ; x86_64         ;
; Assembler            ; Dongming-S-Alchemist ; Windows 10 ; 10.0       ; x86_64         ;
; Timing Analyzer      ; Dongming-S-Alchemist ; Windows 10 ; 10.0       ; x86_64         ;
; EDA Netlist Writer   ; Dongming-S-Alchemist ; Windows 10 ; 10.0       ; x86_64         ;
+----------------------+----------------------+------------+------------+----------------+


------------
; Flow Log ;
------------
quartus_map --read_settings_files=on --write_settings_files=off 385_acc -c 385_acc
quartus_fit --read_settings_files=off --write_settings_files=off 385_acc -c 385_acc
quartus_asm --read_settings_files=off --write_settings_files=off 385_acc -c 385_acc
quartus_sta 385_acc -c 385_acc
quartus_eda --read_settings_files=off --write_settings_files=off 385_acc -c 385_acc



