Flow report for lab_2_processor
Sat Feb 12 23:05:06 2022
Quartus Prime Version 18.1.0 Build 625 09/12/2018 SJ Lite Edition


---------------------
; Table of Contents ;
---------------------
  1. Legal Notice
  2. Flow Summary
  3. Flow Settings
  4. Flow Non-Default Global Settings
  5. Flow Elapsed Time
  6. Flow OS Summary
  7. Flow Log
  8. Flow Messages
  9. Flow Suppressed Messages



----------------
; Legal Notice ;
----------------
Copyright (C) 2018  Intel Corporation. All rights reserved.
Your use of Intel Corporation's design tools, logic functions 
and other software and tools, and its AMPP partner logic 
functions, and any output files from any of the foregoing 
(including device programming or simulation files), and any 
associated documentation or information are expressly subject 
to the terms and conditions of the Intel Program License 
Subscription Agreement, the Intel Quartus Prime License Agreement,
the Intel FPGA IP License Agreement, or other applicable license
agreement, including, without limitation, that your use is for
the sole purpose of programming logic devices manufactured by
Intel and sold by Intel or its authorized distributors.  Please
refer to the applicable agreement for further details.



+----------------------------------------------------------------------------------+
; Flow Summary                                                                     ;
+------------------------------------+---------------------------------------------+
; Flow Status                        ; Successful - Sat Feb 12 23:05:06 2022       ;
; Quartus Prime Version              ; 18.1.0 Build 625 09/12/2018 SJ Lite Edition ;
; Revision Name                      ; lab_2_processor                             ;
; Top-level Entity Name              ; Processor                                   ;
; Family                             ; MAX 10                                      ;
; Device                             ; 10M50DAF484C7G                              ;
; Timing Models                      ; Final                                       ;
; Total logic elements               ; 711 / 49,760 ( 1 % )                        ;
;     Total combinational functions  ; 513 / 49,760 ( 1 % )                        ;
;     Dedicated logic registers      ; 514 / 49,760 ( 1 % )                        ;
; Total registers                    ; 514                                         ;
; Total pins                         ; 70 / 360 ( 19 % )                           ;
; Total virtual pins                 ; 0                                           ;
; Total memory bits                  ; 2,176 / 1,677,312 ( < 1 % )                 ;
; Embedded Multiplier 9-bit elements ; 0 / 288 ( 0 % )                             ;
; Total PLLs                         ; 0 / 4 ( 0 % )                               ;
; UFM blocks                         ; 0 / 1 ( 0 % )                               ;
; ADC blocks                         ; 0 / 2 ( 0 % )                               ;
+------------------------------------+---------------------------------------------+


+-----------------------------------------+
; Flow Settings                           ;
+-------------------+---------------------+
; Option            ; Setting             ;
+-------------------+---------------------+
; Start date & time ; 02/12/2022 23:04:08 ;
; Main task         ; Compilation         ;
; Revision Name     ; lab_2_processor     ;
+-------------------+---------------------+


+-----------------------------------------------------------------------------------------------------------------------------------------+
; Flow Non-Default Global Settings                                                                                                        ;
+--------------------------------------+-----------------------------------------------+-----------------+-------------+------------------+
; Assignment Name                      ; Value                                         ; Default Value   ; Entity Name ; Section Id       ;
+--------------------------------------+-----------------------------------------------+-----------------+-------------+------------------+
; COMPILER_SIGNATURE_ID                ; 91769502672.164472864814672                   ; --              ; --          ; --               ;
; EDA_DESIGN_INSTANCE_NAME             ; NA                                            ; --              ; --          ; testbench_8      ;
; EDA_DESIGN_INSTANCE_NAME             ; NA                                            ; --              ; --          ; testbench        ;
; EDA_NATIVELINK_SIMULATION_TEST_BENCH ; testbench_8                                   ; --              ; --          ; eda_simulation   ;
; EDA_OUTPUT_DATA_FORMAT               ; Systemverilog Hdl                             ; --              ; --          ; eda_simulation   ;
; EDA_SIMULATION_TOOL                  ; ModelSim-Altera (SystemVerilog)               ; <None>          ; --          ; --               ;
; EDA_TEST_BENCH_ENABLE_STATUS         ; TEST_BENCH_MODE                               ; --              ; --          ; eda_simulation   ;
; EDA_TEST_BENCH_FILE                  ; ../logic_processor_4bit/testbench_8.sv        ; --              ; --          ; testbench_8      ;
; EDA_TEST_BENCH_FILE                  ; ../logic_processor_4bit/testbench.sv          ; --              ; --          ; testbench        ;
; EDA_TEST_BENCH_MODULE_NAME           ; testbench_8                                   ; --              ; --          ; testbench_8      ;
; EDA_TEST_BENCH_MODULE_NAME           ; testbench                                     ; --              ; --          ; testbench        ;
; EDA_TEST_BENCH_NAME                  ; testbench                                     ; --              ; --          ; eda_simulation   ;
; EDA_TEST_BENCH_NAME                  ; testbench_8                                   ; --              ; --          ; eda_simulation   ;
; EDA_TEST_BENCH_RUN_SIM_FOR           ; 1000 ns                                       ; --              ; --          ; testbench_8      ;
; EDA_TEST_BENCH_RUN_SIM_FOR           ; 1000 ns                                       ; --              ; --          ; testbench        ;
; EDA_TIME_SCALE                       ; 1 ps                                          ; --              ; --          ; eda_simulation   ;
; ENABLE_SIGNALTAP                     ; On                                            ; --              ; --          ; --               ;
; MAX_CORE_JUNCTION_TEMP               ; 85                                            ; --              ; --          ; --               ;
; MIN_CORE_JUNCTION_TEMP               ; 0                                             ; --              ; --          ; --               ;
; PARTITION_COLOR                      ; -- (Not supported for targeted family)        ; --              ; Processor   ; Top              ;
; PARTITION_FITTER_PRESERVATION_LEVEL  ; -- (Not supported for targeted family)        ; --              ; Processor   ; Top              ;
; PARTITION_NETLIST_TYPE               ; -- (Not supported for targeted family)        ; --              ; Processor   ; Top              ;
; POWER_BOARD_THERMAL_MODEL            ; None (CONSERVATIVE)                           ; --              ; --          ; --               ;
; POWER_PRESET_COOLING_SOLUTION        ; 23 MM HEAT SINK WITH 200 LFPM AIRFLOW         ; --              ; --          ; --               ;
; PROJECT_OUTPUT_DIRECTORY             ; output_files                                  ; --              ; --          ; --               ;
; SLD_FILE                             ; db/stp10_auto_stripped.stp                    ; --              ; --          ; --               ;
; SLD_NODE_CREATOR_ID                  ; 110                                           ; --              ; --          ; auto_signaltap_0 ;
; SLD_NODE_ENTITY_NAME                 ; sld_signaltap                                 ; --              ; --          ; auto_signaltap_0 ;
; SLD_NODE_PARAMETER_ASSIGNMENT        ; SLD_RAM_BLOCK_TYPE=AUTO                       ; --              ; --          ; auto_signaltap_0 ;
; SLD_NODE_PARAMETER_ASSIGNMENT        ; SLD_DATA_BITS=17                              ; --              ; --          ; auto_signaltap_0 ;
; SLD_NODE_PARAMETER_ASSIGNMENT        ; SLD_TRIGGER_BITS=1                            ; --              ; --          ; auto_signaltap_0 ;
; SLD_NODE_PARAMETER_ASSIGNMENT        ; SLD_STORAGE_QUALIFIER_BITS=17                 ; --              ; --          ; auto_signaltap_0 ;
; SLD_NODE_PARAMETER_ASSIGNMENT        ; SLD_NODE_INFO=805334528                       ; --              ; --          ; auto_signaltap_0 ;
; SLD_NODE_PARAMETER_ASSIGNMENT        ; SLD_POWER_UP_TRIGGER=0                        ; --              ; --          ; auto_signaltap_0 ;
; SLD_NODE_PARAMETER_ASSIGNMENT        ; SLD_INVERSION_MASK=000000000000000000000000   ; --              ; --          ; auto_signaltap_0 ;
; SLD_NODE_PARAMETER_ASSIGNMENT        ; SLD_INVERSION_MASK_LENGTH=24                  ; --              ; --          ; auto_signaltap_0 ;
; SLD_NODE_PARAMETER_ASSIGNMENT        ; SLD_STORAGE_QUALIFIER_INVERSION_MASK_LENGTH=0 ; --              ; --          ; auto_signaltap_0 ;
; SLD_NODE_PARAMETER_ASSIGNMENT        ; SLD_SEGMENT_SIZE=128                          ; --              ; --          ; auto_signaltap_0 ;
; SLD_NODE_PARAMETER_ASSIGNMENT        ; SLD_ATTRIBUTE_MEM_MODE=OFF                    ; --              ; --          ; auto_signaltap_0 ;
; SLD_NODE_PARAMETER_ASSIGNMENT        ; SLD_STATE_FLOW_USE_GENERATED=0                ; --              ; --          ; auto_signaltap_0 ;
; SLD_NODE_PARAMETER_ASSIGNMENT        ; SLD_STATE_BITS=11                             ; --              ; --          ; auto_signaltap_0 ;
; SLD_NODE_PARAMETER_ASSIGNMENT        ; SLD_BUFFER_FULL_STOP=1                        ; --              ; --          ; auto_signaltap_0 ;
; SLD_NODE_PARAMETER_ASSIGNMENT        ; SLD_CURRENT_RESOURCE_WIDTH=1                  ; --              ; --          ; auto_signaltap_0 ;
; SLD_NODE_PARAMETER_ASSIGNMENT        ; SLD_INCREMENTAL_ROUTING=1                     ; --              ; --          ; auto_signaltap_0 ;
; SLD_NODE_PARAMETER_ASSIGNMENT        ; SLD_TRIGGER_LEVEL=1                           ; --              ; --          ; auto_signaltap_0 ;
; SLD_NODE_PARAMETER_ASSIGNMENT        ; SLD_SAMPLE_DEPTH=128                          ; --              ; --          ; auto_signaltap_0 ;
; SLD_NODE_PARAMETER_ASSIGNMENT        ; SLD_TRIGGER_IN_ENABLED=0                      ; --              ; --          ; auto_signaltap_0 ;
; SLD_NODE_PARAMETER_ASSIGNMENT        ; SLD_TRIGGER_PIPELINE=0                        ; --              ; --          ; auto_signaltap_0 ;
; SLD_NODE_PARAMETER_ASSIGNMENT        ; SLD_RAM_PIPELINE=0                            ; --              ; --          ; auto_signaltap_0 ;
; SLD_NODE_PARAMETER_ASSIGNMENT        ; SLD_COUNTER_PIPELINE=0                        ; --              ; --          ; auto_signaltap_0 ;
; SLD_NODE_PARAMETER_ASSIGNMENT        ; SLD_ADVANCED_TRIGGER_ENTITY=basic,1,          ; --              ; --          ; auto_signaltap_0 ;
; SLD_NODE_PARAMETER_ASSIGNMENT        ; SLD_TRIGGER_LEVEL_PIPELINE=1                  ; --              ; --          ; auto_signaltap_0 ;
; SLD_NODE_PARAMETER_ASSIGNMENT        ; SLD_ENABLE_ADVANCED_TRIGGER=0                 ; --              ; --          ; auto_signaltap_0 ;
; TOP_LEVEL_ENTITY                     ; Processor                                     ; lab_2_processor ; --          ; --               ;
; USE_SIGNALTAP_FILE                   ; ../stp10.stp                                  ; --              ; --          ; --               ;
+--------------------------------------+-----------------------------------------------+-----------------+-------------+------------------+


+--------------------------------------------------------------------------------------------------------------------------+
; Flow Elapsed Time                                                                                                        ;
+----------------------+--------------+-------------------------+---------------------+------------------------------------+
; Module Name          ; Elapsed Time ; Average Processors Used ; Peak Virtual Memory ; Total CPU Time (on all processors) ;
+----------------------+--------------+-------------------------+---------------------+------------------------------------+
; Analysis & Synthesis ; 00:00:32     ; 1.0                     ; 4912 MB             ; 00:00:51                           ;
; Fitter               ; 00:00:11     ; 1.2                     ; 6608 MB             ; 00:00:21                           ;
; Assembler            ; 00:00:04     ; 1.0                     ; 4681 MB             ; 00:00:03                           ;
; Timing Analyzer      ; 00:00:03     ; 1.4                     ; 4973 MB             ; 00:00:04                           ;
; EDA Netlist Writer   ; 00:00:02     ; 1.0                     ; 4670 MB             ; 00:00:03                           ;
; Total                ; 00:00:52     ; --                      ; --                  ; 00:01:22                           ;
+----------------------+--------------+-------------------------+---------------------+------------------------------------+


+----------------------------------------------------------------------------------------+
; Flow OS Summary                                                                        ;
+----------------------+----------------------+------------+------------+----------------+
; Module Name          ; Machine Hostname     ; OS Name    ; OS Version ; Processor type ;
+----------------------+----------------------+------------+------------+----------------+
; Analysis & Synthesis ; Dongming-S-Alchemist ; Windows 10 ; 10.0       ; x86_64         ;
; Fitter               ; Dongming-S-Alchemist ; Windows 10 ; 10.0       ; x86_64         ;
; Assembler            ; Dongming-S-Alchemist ; Windows 10 ; 10.0       ; x86_64         ;
; Timing Analyzer      ; Dongming-S-Alchemist ; Windows 10 ; 10.0       ; x86_64         ;
; EDA Netlist Writer   ; Dongming-S-Alchemist ; Windows 10 ; 10.0       ; x86_64         ;
+----------------------+----------------------+------------+------------+----------------+


------------
; Flow Log ;
------------
quartus_map --read_settings_files=on --write_settings_files=off lab_2_processor -c lab_2_processor
quartus_fit --read_settings_files=off --write_settings_files=off lab_2_processor -c lab_2_processor
quartus_asm --read_settings_files=off --write_settings_files=off lab_2_processor -c lab_2_processor
quartus_sta lab_2_processor -c lab_2_processor
quartus_eda --read_settings_files=off --write_settings_files=off lab_2_processor -c lab_2_processor



